Watching for file changes with StatReloader
"POST /graphql/ HTTP/1.1" 200 291
"GET /graphql/ HTTP/1.1" 200 1210
"POST /graphql/ HTTP/1.1" 200 22621
/home/mohsin/PycharmProjects/pythonProject/Lunsjavtale/apps/notifications/query.py changed, reloading.
Watching for file changes with StatReloader
/home/mohsin/PycharmProjects/pythonProject/Lunsjavtale/apps/notifications/models.py changed, reloading.
Watching for file changes with StatReloader
/home/mohsin/PycharmProjects/pythonProject/Lunsjavtale/apps/notifications/models.py changed, reloading.
Watching for file changes with StatReloader
"GET /dadmin/users/user/ HTTP/1.1" 200 4075
"GET /dadmin/jsi18n/ HTTP/1.1" 200 987
"POST /graphql/ HTTP/1.1" 200 247
"POST /graphql/ HTTP/1.1" 200 22630
"POST /graphql/ HTTP/1.1" 200 257
/home/mohsin/PycharmProjects/pythonProject/Lunsjavtale/apps/notifications/tasks.py changed, reloading.
Watching for file changes with StatReloader
Watching for file changes with StatReloader
"GET /graphql/ HTTP/1.1" 200 1201
"POST /graphql/ HTTP/1.1" 200 22618
Not Found: /favicon.ico
"GET /favicon.ico HTTP/1.1" 404 1004
"GET /graphql/ HTTP/1.1" 200 1155
"POST /graphql/ HTTP/1.1" 200 22620
"GET /dadmin/ HTTP/1.1" 302 0
"GET /dadmin/login/?next=/dadmin/ HTTP/1.1" 200 1527
"GET /static/admin/css/login.css HTTP/1.1" 304 0
"POST /dadmin/login/?next=/dadmin/ HTTP/1.1" 302 0
"GET /dadmin/ HTTP/1.1" 200 3472
/home/mohsin/PycharmProjects/pythonProject/Lunsjavtale/apps/sales/mutation.py changed, reloading.
Watching for file changes with StatReloader
